/*C1*/SET SCHEMA SYSTEM_LOBS
INSERT INTO BLOCKS VALUES(0,2147483647,0)
COMMIT
/*C2*/SET SCHEMA PUBLIC
\u000a    create table atributo (\u000a       id integer not null,\u000a        nombre varchar(255),\u000a        clase_id bigint,\u000a        tipo_atributo_id integer,\u000a        primary key (id)\u000a    )
\u000a    create table atributo_instancia (\u000a       id integer not null,\u000a        atributo_id integer,\u000a        instancia_id integer,\u000a        valor_atributo_id integer,\u000a        primary key (id)\u000a    )
\u000a    create table clase (\u000a       id bigint not null,\u000a        nombre varchar(255),\u000a        primary key (id)\u000a    )
\u000a    create table hibernate_sequences (\u000a       sequence_name varchar(255) not null,\u000a        sequence_next_hi_value bigint,\u000a        primary key (sequence_name)\u000a    )
\u000a    create table instancia (\u000a       id integer not null,\u000a        clase_id bigint,\u000a        session_id bigint,\u000a        primary key (id)\u000a    )
\u000a    create table session (\u000a       id bigint not null,\u000a        ultimo_acceso timestamp,\u000a        primary key (id)\u000a    )
\u000a    create table tipo_atributo (\u000a       id integer not null,\u000a        nombre varchar(255),\u000a        primary key (id)\u000a    )
\u000a    create table valor_atributo (\u000a       id integer not null,\u000a        valor varchar(255),\u000a        instancia_id integer,\u000a        primary key (id)\u000a    )
\u000a    create table valor_atributo_valor_atributo_list (\u000a       valor_atributo_id integer not null,\u000a        valor_atributo_list_id integer not null\u000a    )
\u000a    alter table valor_atributo_valor_atributo_list \u000a       add constraint UK_evjks80gi14su3wm76hamvliy unique (valor_atributo_list_id)
\u000a    alter table atributo \u000a       add constraint FK8imkjf76rp48kc118qd6pvrwq \u000a       foreign key (clase_id) \u000a       references clase
\u000a    alter table atributo \u000a       add constraint FKkqtky9on2abxtw63p1u0apxb3 \u000a       foreign key (tipo_atributo_id) \u000a       references tipo_atributo
\u000a    alter table atributo_instancia \u000a       add constraint FKja8tmkkrvxbc9tpned6i5s9ns \u000a       foreign key (atributo_id) \u000a       references atributo
\u000a    alter table atributo_instancia \u000a       add constraint FKujwgw2ksvpi8oltmbctij29u \u000a       foreign key (instancia_id) \u000a       references instancia
\u000a    alter table atributo_instancia \u000a       add constraint FK4o3f8s67a58cgbkxp8rx06wxi \u000a       foreign key (valor_atributo_id) \u000a       references valor_atributo
\u000a    alter table instancia \u000a       add constraint FKng0nxa11u7b6j6tdj8hq4l1jr \u000a       foreign key (clase_id) \u000a       references clase
\u000a    alter table instancia \u000a       add constraint FKqv0hp87erg1hrusvwe497yf0x \u000a       foreign key (session_id) \u000a       references session
\u000a    alter table valor_atributo \u000a       add constraint FK32ghnipkb2u6htesin90h270c \u000a       foreign key (instancia_id) \u000a       references instancia
\u000a    alter table valor_atributo_valor_atributo_list \u000a       add constraint FK4ekqdqobaow7pim8vbcoj5i8p \u000a       foreign key (valor_atributo_list_id) \u000a       references valor_atributo
\u000a    alter table valor_atributo_valor_atributo_list \u000a       add constraint FKm47xkvbyiith2m6nryh1gwlqu \u000a       foreign key (valor_atributo_id) \u000a       references valor_atributo
/*C3*/SET SCHEMA PUBLIC
INSERT INTO HIBERNATE_SEQUENCES VALUES('tipo_atributo',0)
DELETE FROM HIBERNATE_SEQUENCES WHERE SEQUENCE_NAME='tipo_atributo'
INSERT INTO HIBERNATE_SEQUENCES VALUES('tipo_atributo',1)
COMMIT
INSERT INTO HIBERNATE_SEQUENCES VALUES('clase',0)
DELETE FROM HIBERNATE_SEQUENCES WHERE SEQUENCE_NAME='clase'
INSERT INTO HIBERNATE_SEQUENCES VALUES('clase',1)
COMMIT
INSERT INTO HIBERNATE_SEQUENCES VALUES('atributo',0)
DELETE FROM HIBERNATE_SEQUENCES WHERE SEQUENCE_NAME='atributo'
INSERT INTO HIBERNATE_SEQUENCES VALUES('atributo',1)
COMMIT
INSERT INTO HIBERNATE_SEQUENCES VALUES('instancia',0)
DELETE FROM HIBERNATE_SEQUENCES WHERE SEQUENCE_NAME='instancia'
INSERT INTO HIBERNATE_SEQUENCES VALUES('instancia',1)
COMMIT
INSERT INTO HIBERNATE_SEQUENCES VALUES('atributo_instancia',0)
DELETE FROM HIBERNATE_SEQUENCES WHERE SEQUENCE_NAME='atributo_instancia'
INSERT INTO HIBERNATE_SEQUENCES VALUES('atributo_instancia',1)
COMMIT
INSERT INTO HIBERNATE_SEQUENCES VALUES('valor_atributo',0)
DELETE FROM HIBERNATE_SEQUENCES WHERE SEQUENCE_NAME='valor_atributo'
INSERT INTO HIBERNATE_SEQUENCES VALUES('valor_atributo',1)
COMMIT
/*C2*/INSERT INTO TIPO_ATRIBUTO VALUES(1,'int')
INSERT INTO TIPO_ATRIBUTO VALUES(2,'java.lang.String')
INSERT INTO TIPO_ATRIBUTO VALUES(3,'com.example.persistidorobjetos.examples.Auto')
INSERT INTO TIPO_ATRIBUTO VALUES(4,'java.util.ArrayList')
INSERT INTO CLASE VALUES(1,'com.example.persistidorobjetos.examples.PersonaConObjetosComplejos')
INSERT INTO ATRIBUTO VALUES(1,'dni',NULL,1)
INSERT INTO ATRIBUTO VALUES(2,'nombre',NULL,2)
INSERT INTO CLASE VALUES(2,'com.example.persistidorobjetos.examples.Auto')
INSERT INTO ATRIBUTO VALUES(4,'marca',NULL,2)
INSERT INTO ATRIBUTO VALUES(5,'modelo',NULL,2)
INSERT INTO ATRIBUTO VALUES(3,'auto',2,3)
INSERT INTO ATRIBUTO VALUES(6,'telefonos',NULL,4)
INSERT INTO SESSION VALUES(1,'2022-07-31 06:48:36.369000')
INSERT INTO INSTANCIA VALUES(1,1,1)
INSERT INTO VALOR_ATRIBUTO VALUES(1,'0',NULL)
INSERT INTO ATRIBUTO_INSTANCIA VALUES(1,1,1,1)
DELETE FROM ATRIBUTO_INSTANCIA WHERE ID=1
INSERT INTO ATRIBUTO_INSTANCIA VALUES(1,1,1,1)
COMMIT
DISCONNECT
/*C3*/DISCONNECT
/*C4*/SET SCHEMA PUBLIC
DISCONNECT
/*C5*/SET SCHEMA PUBLIC
DISCONNECT
/*C6*/SET SCHEMA PUBLIC
DISCONNECT
/*C7*/SET SCHEMA PUBLIC
DISCONNECT
/*C8*/SET SCHEMA PUBLIC
DISCONNECT
/*C9*/SET SCHEMA PUBLIC
DISCONNECT
/*C10*/SET SCHEMA PUBLIC
DISCONNECT
/*C11*/SET SCHEMA PUBLIC
DISCONNECT
/*C12*/SET SCHEMA PUBLIC
\u000a    alter table valor_atributo_valor_atributo_list \u000a       drop constraint UK_evjks80gi14su3wm76hamvliy
\u000a    alter table valor_atributo_valor_atributo_list \u000a       add constraint UK_evjks80gi14su3wm76hamvliy unique (valor_atributo_list_id)
/*C13*/SET SCHEMA PUBLIC
DELETE FROM HIBERNATE_SEQUENCES WHERE SEQUENCE_NAME='tipo_atributo'
INSERT INTO HIBERNATE_SEQUENCES VALUES('tipo_atributo',2)
COMMIT
DELETE FROM HIBERNATE_SEQUENCES WHERE SEQUENCE_NAME='clase'
INSERT INTO HIBERNATE_SEQUENCES VALUES('clase',2)
COMMIT
DELETE FROM HIBERNATE_SEQUENCES WHERE SEQUENCE_NAME='atributo'
INSERT INTO HIBERNATE_SEQUENCES VALUES('atributo',2)
COMMIT
DELETE FROM HIBERNATE_SEQUENCES WHERE SEQUENCE_NAME='instancia'
INSERT INTO HIBERNATE_SEQUENCES VALUES('instancia',2)
COMMIT
DELETE FROM HIBERNATE_SEQUENCES WHERE SEQUENCE_NAME='atributo_instancia'
INSERT INTO HIBERNATE_SEQUENCES VALUES('atributo_instancia',2)
COMMIT
DELETE FROM HIBERNATE_SEQUENCES WHERE SEQUENCE_NAME='valor_atributo'
INSERT INTO HIBERNATE_SEQUENCES VALUES('valor_atributo',2)
COMMIT
/*C12*/DELETE FROM ATRIBUTO_INSTANCIA WHERE ID=1
DELETE FROM VALOR_ATRIBUTO WHERE ID=1
DELETE FROM INSTANCIA WHERE ID=1
DELETE FROM ATRIBUTO WHERE ID=1
DELETE FROM ATRIBUTO WHERE ID=2
DELETE FROM ATRIBUTO WHERE ID=3
DELETE FROM ATRIBUTO WHERE ID=4
DELETE FROM ATRIBUTO WHERE ID=5
DELETE FROM ATRIBUTO WHERE ID=6
DELETE FROM TIPO_ATRIBUTO WHERE ID=1
DELETE FROM TIPO_ATRIBUTO WHERE ID=2
DELETE FROM TIPO_ATRIBUTO WHERE ID=3
DELETE FROM TIPO_ATRIBUTO WHERE ID=4
DELETE FROM CLASE WHERE ID=1
DELETE FROM CLASE WHERE ID=2
DELETE FROM SESSION WHERE ID=1
INSERT INTO TIPO_ATRIBUTO VALUES(32768,'int')
INSERT INTO TIPO_ATRIBUTO VALUES(32769,'java.lang.String')
INSERT INTO TIPO_ATRIBUTO VALUES(32770,'com.example.persistidorobjetos.examples.Auto')
INSERT INTO TIPO_ATRIBUTO VALUES(32771,'java.util.ArrayList')
INSERT INTO CLASE VALUES(32768,'com.example.persistidorobjetos.examples.PersonaConObjetosComplejos')
INSERT INTO ATRIBUTO VALUES(32768,'dni',NULL,32768)
INSERT INTO ATRIBUTO VALUES(32769,'nombre',NULL,32769)
INSERT INTO CLASE VALUES(32769,'com.example.persistidorobjetos.examples.Auto')
INSERT INTO ATRIBUTO VALUES(32771,'marca',NULL,32769)
INSERT INTO ATRIBUTO VALUES(32772,'modelo',NULL,32769)
INSERT INTO ATRIBUTO VALUES(32770,'auto',32769,32770)
INSERT INTO ATRIBUTO VALUES(32773,'telefonos',NULL,32771)
INSERT INTO SESSION VALUES(1,'2022-07-31 06:49:14.852000')
INSERT INTO INSTANCIA VALUES(32768,32768,1)
INSERT INTO VALOR_ATRIBUTO VALUES(32768,'0',NULL)
INSERT INTO ATRIBUTO_INSTANCIA VALUES(32768,32768,32768,32768)
DELETE FROM ATRIBUTO_INSTANCIA WHERE ID=32768
INSERT INTO ATRIBUTO_INSTANCIA VALUES(32768,32768,32768,32768)
COMMIT
DELETE FROM ATRIBUTO_INSTANCIA WHERE ID=32768
DELETE FROM VALOR_ATRIBUTO WHERE ID=32768
DELETE FROM INSTANCIA WHERE ID=32768
DELETE FROM ATRIBUTO WHERE ID=32768
DELETE FROM ATRIBUTO WHERE ID=32769
DELETE FROM ATRIBUTO WHERE ID=32770
DELETE FROM ATRIBUTO WHERE ID=32771
DELETE FROM ATRIBUTO WHERE ID=32772
DELETE FROM ATRIBUTO WHERE ID=32773
DELETE FROM TIPO_ATRIBUTO WHERE ID=32768
DELETE FROM TIPO_ATRIBUTO WHERE ID=32769
DELETE FROM TIPO_ATRIBUTO WHERE ID=32770
DELETE FROM TIPO_ATRIBUTO WHERE ID=32771
DELETE FROM CLASE WHERE ID=32768
DELETE FROM CLASE WHERE ID=32769
DELETE FROM SESSION WHERE ID=1
INSERT INTO TIPO_ATRIBUTO VALUES(32772,'int')
INSERT INTO TIPO_ATRIBUTO VALUES(32773,'java.lang.String')
INSERT INTO TIPO_ATRIBUTO VALUES(32774,'com.example.persistidorobjetos.examples.Auto')
INSERT INTO TIPO_ATRIBUTO VALUES(32775,'java.util.ArrayList')
INSERT INTO CLASE VALUES(32770,'com.example.persistidorobjetos.examples.PersonaConObjetosComplejos')
INSERT INTO ATRIBUTO VALUES(32774,'dni',NULL,32772)
INSERT INTO ATRIBUTO VALUES(32775,'nombre',NULL,32773)
INSERT INTO CLASE VALUES(32771,'com.example.persistidorobjetos.examples.Auto')
INSERT INTO ATRIBUTO VALUES(32777,'marca',NULL,32773)
INSERT INTO ATRIBUTO VALUES(32778,'modelo',NULL,32773)
INSERT INTO ATRIBUTO VALUES(32776,'auto',32771,32774)
INSERT INTO ATRIBUTO VALUES(32779,'telefonos',NULL,32775)
INSERT INTO SESSION VALUES(1,'2022-07-31 06:49:14.979000')
INSERT INTO INSTANCIA VALUES(32769,32770,1)
INSERT INTO VALOR_ATRIBUTO VALUES(32769,'0',NULL)
INSERT INTO ATRIBUTO_INSTANCIA VALUES(32769,32774,32769,32769)
DELETE FROM ATRIBUTO_INSTANCIA WHERE ID=32769
INSERT INTO ATRIBUTO_INSTANCIA VALUES(32769,32774,32769,32769)
COMMIT
DISCONNECT
/*C13*/DISCONNECT
/*C14*/SET SCHEMA PUBLIC
DISCONNECT
/*C15*/SET SCHEMA PUBLIC
DISCONNECT
/*C16*/SET SCHEMA PUBLIC
DISCONNECT
/*C17*/SET SCHEMA PUBLIC
DISCONNECT
/*C18*/SET SCHEMA PUBLIC
DISCONNECT
/*C19*/SET SCHEMA PUBLIC
DISCONNECT
/*C20*/SET SCHEMA PUBLIC
DISCONNECT
/*C21*/SET SCHEMA PUBLIC
DISCONNECT
